Starting server with Config HP="127.0.0.1:13515"|T="28800000"|R="false"|L="info"
time="2026-04-05T11:12:59-04:00" level=info msg="Creating root@localhost superuser"
time="2026-04-05T11:12:59-04:00" level=info msg="Server ready. Accepting connections."
time="2026-04-05T11:12:59-04:00" level=warning msg="secure_file_priv is set to \"\", which is insecure."
time="2026-04-05T11:12:59-04:00" level=warning msg="Any user with GRANT FILE privileges will be able to read any file which the sql-server process can read."
time="2026-04-05T11:12:59-04:00" level=warning msg="Please consider restarting the server with secure_file_priv set to a safe (or non-existent) directory."
time="2026-04-05T11:12:59-04:00" level=info msg=NewConnection DisableClientMultiStatements=false connectionID=1
time="2026-04-05T11:12:59-04:00" level=info msg=ConnectionClosed connectionID=1
time="2026-04-05T11:12:59-04:00" level=info msg=NewConnection DisableClientMultiStatements=false connectionID=2
time="2026-04-05T11:12:59-04:00" level=info msg=ConnectionClosed connectionID=2
time="2026-04-05T11:12:59-04:00" level=info msg=NewConnection DisableClientMultiStatements=false connectionID=3
time="2026-04-05T11:12:59-04:00" level=info msg=ConnectionClosed connectionID=3
time="2026-04-05T11:13:05-04:00" level=info msg=NewConnection DisableClientMultiStatements=false connectionID=4
time="2026-04-05T11:13:05-04:00" level=info msg=ConnectionClosed connectionID=4
time="2026-04-05T11:13:05-04:00" level=info msg=NewConnection DisableClientMultiStatements=false connectionID=5
time="2026-04-05T11:13:05-04:00" level=info msg=ConnectionClosed connectionID=5
time="2026-04-05T11:13:10-04:00" level=info msg=NewConnection DisableClientMultiStatements=false connectionID=6
time="2026-04-05T11:13:10-04:00" level=info msg=ConnectionClosed connectionID=6
time="2026-04-05T11:13:10-04:00" level=info msg=NewConnection DisableClientMultiStatements=false connectionID=7
time="2026-04-05T11:13:10-04:00" level=info msg=ConnectionClosed connectionID=7
time="2026-04-05T11:13:15-04:00" level=info msg=NewConnection DisableClientMultiStatements=false connectionID=8
time="2026-04-05T11:13:15-04:00" level=info msg=ConnectionClosed connectionID=8
time="2026-04-05T11:13:15-04:00" level=info msg=NewConnection DisableClientMultiStatements=false connectionID=9
time="2026-04-05T11:13:15-04:00" level=info msg=ConnectionClosed connectionID=9
time="2026-04-05T11:13:15-04:00" level=info msg=NewConnection DisableClientMultiStatements=false connectionID=10
time="2026-04-05T11:13:15-04:00" level=info msg=ConnectionClosed connectionID=10
time="2026-04-05T11:13:15-04:00" level=info msg=NewConnection DisableClientMultiStatements=false connectionID=11
time="2026-04-05T11:13:15-04:00" level=info msg=ConnectionClosed connectionID=11
time="2026-04-05T11:13:15-04:00" level=info msg=NewConnection DisableClientMultiStatements=false connectionID=12
time="2026-04-05T11:13:15-04:00" level=info msg=ConnectionClosed connectionID=12
time="2026-04-05T11:13:15-04:00" level=info msg=NewConnection DisableClientMultiStatements=false connectionID=13
time="2026-04-05T11:13:15-04:00" level=info msg=ConnectionClosed connectionID=13
time="2026-04-05T11:13:15-04:00" level=info msg=NewConnection DisableClientMultiStatements=false connectionID=14
time="2026-04-05T11:13:15-04:00" level=info msg=ConnectionClosed connectionID=14
time="2026-04-05T11:13:15-04:00" level=info msg=NewConnection DisableClientMultiStatements=false connectionID=15
time="2026-04-05T11:13:15-04:00" level=info msg=ConnectionClosed connectionID=15
time="2026-04-05T11:13:15-04:00" level=info msg=NewConnection DisableClientMultiStatements=false connectionID=16
time="2026-04-05T11:13:15-04:00" level=info msg=ConnectionClosed connectionID=16
time="2026-04-05T11:13:15-04:00" level=info msg=NewConnection DisableClientMultiStatements=false connectionID=17
time="2026-04-05T11:13:15-04:00" level=info msg=ConnectionClosed connectionID=17
time="2026-04-05T11:13:20-04:00" level=info msg=NewConnection DisableClientMultiStatements=false connectionID=18
time="2026-04-05T11:13:20-04:00" level=info msg=ConnectionClosed connectionID=18
time="2026-04-05T11:13:20-04:00" level=info msg=NewConnection DisableClientMultiStatements=false connectionID=19
time="2026-04-05T11:13:20-04:00" level=info msg=ConnectionClosed connectionID=19
time="2026-04-05T11:13:20-04:00" level=info msg=NewConnection DisableClientMultiStatements=false connectionID=20
time="2026-04-05T11:13:20-04:00" level=info msg=ConnectionClosed connectionID=20
time="2026-04-05T11:13:20-04:00" level=info msg=NewConnection DisableClientMultiStatements=false connectionID=21
time="2026-04-05T11:13:20-04:00" level=info msg=ConnectionClosed connectionID=21
time="2026-04-05T11:13:20-04:00" level=info msg=NewConnection DisableClientMultiStatements=false connectionID=22
time="2026-04-05T11:13:20-04:00" level=error msg="unable to process ComInitDB: database not found: beads_fast_fsm" database=beads_fast_fsm
time="2026-04-05T11:13:20-04:00" level=error msg="failed to set the database client 22 (127.0.0.1:50164): database not found: beads_fast_fsm (errno 1049) (sqlstate HY000)"
time="2026-04-05T11:13:20-04:00" level=info msg=ConnectionClosed connectionID=22
time="2026-04-05T11:13:20-04:00" level=info msg=NewConnection DisableClientMultiStatements=false connectionID=23
time="2026-04-05T11:13:20-04:00" level=info msg=ConnectionClosed connectionID=23
time="2026-04-05T11:13:20-04:00" level=info msg=NewConnection DisableClientMultiStatements=false connectionID=24
time="2026-04-05T11:13:20-04:00" level=info msg=ConnectionClosed connectionID=24
time="2026-04-05T11:13:20-04:00" level=info msg=NewConnection DisableClientMultiStatements=false connectionID=25
time="2026-04-05T11:13:20-04:00" level=info msg=ConnectionClosed connectionID=25
time="2026-04-05T11:13:20-04:00" level=info msg=NewConnection DisableClientMultiStatements=false connectionID=26
time="2026-04-05T11:13:20-04:00" level=info msg=ConnectionClosed connectionID=26
time="2026-04-05T11:13:20-04:00" level=info msg=NewConnection DisableClientMultiStatements=false connectionID=27
time="2026-04-05T11:13:20-04:00" level=info msg=ConnectionClosed connectionID=27
time="2026-04-05T11:13:20-04:00" level=info msg=NewConnection DisableClientMultiStatements=false connectionID=28
time="2026-04-05T11:13:20-04:00" level=info msg=ConnectionClosed connectionID=28
time="2026-04-05T11:13:20-04:00" level=info msg=NewConnection DisableClientMultiStatements=false connectionID=29
time="2026-04-05T11:13:20-04:00" level=info msg=ConnectionClosed connectionID=29
time="2026-04-05T11:13:20-04:00" level=info msg=NewConnection DisableClientMultiStatements=false connectionID=30
time="2026-04-05T11:13:20-04:00" level=info msg=ConnectionClosed connectionID=30
time="2026-04-05T11:13:20-04:00" level=info msg=NewConnection DisableClientMultiStatements=false connectionID=31
time="2026-04-05T11:13:20-04:00" level=info msg=ConnectionClosed connectionID=31
time="2026-04-05T11:13:20-04:00" level=info msg=NewConnection DisableClientMultiStatements=false connectionID=32
time="2026-04-05T11:13:20-04:00" level=info msg=ConnectionClosed connectionID=32
time="2026-04-05T11:13:20-04:00" level=info msg=NewConnection DisableClientMultiStatements=false connectionID=33
time="2026-04-05T11:13:20-04:00" level=info msg=ConnectionClosed connectionID=33
time="2026-04-05T11:13:20-04:00" level=info msg=NewConnection DisableClientMultiStatements=false connectionID=34
time="2026-04-05T11:13:20-04:00" level=info msg=ConnectionClosed connectionID=34
time="2026-04-05T11:13:20-04:00" level=info msg=NewConnection DisableClientMultiStatements=false connectionID=35
time="2026-04-05T11:13:20-04:00" level=info msg=ConnectionClosed connectionID=35
time="2026-04-05T11:13:20-04:00" level=info msg=NewConnection DisableClientMultiStatements=false connectionID=36
time="2026-04-05T11:13:20-04:00" level=info msg=ConnectionClosed connectionID=36
time="2026-04-05T11:13:20-04:00" level=info msg=NewConnection DisableClientMultiStatements=false connectionID=37
time="2026-04-05T11:13:20-04:00" level=info msg=ConnectionClosed connectionID=37
time="2026-04-05T11:13:20-04:00" level=info msg=NewConnection DisableClientMultiStatements=false connectionID=38
time="2026-04-05T11:13:20-04:00" level=info msg=ConnectionClosed connectionID=38
time="2026-04-05T11:13:20-04:00" level=info msg=NewConnection DisableClientMultiStatements=false connectionID=39
time="2026-04-05T11:13:20-04:00" level=info msg=ConnectionClosed connectionID=39
time="2026-04-05T11:13:20-04:00" level=info msg=NewConnection DisableClientMultiStatements=false connectionID=40
time="2026-04-05T11:13:20-04:00" level=info msg=ConnectionClosed connectionID=40
time="2026-04-05T11:13:20-04:00" level=info msg=NewConnection DisableClientMultiStatements=false connectionID=41
time="2026-04-05T11:13:20-04:00" level=info msg=ConnectionClosed connectionID=41
time="2026-04-05T11:13:20-04:00" level=info msg=NewConnection DisableClientMultiStatements=false connectionID=42
time="2026-04-05T11:13:20-04:00" level=info msg=ConnectionClosed connectionID=42
time="2026-04-05T11:13:20-04:00" level=info msg=NewConnection DisableClientMultiStatements=false connectionID=43
time="2026-04-05T11:13:20-04:00" level=info msg=ConnectionClosed connectionID=43
time="2026-04-05T11:13:20-04:00" level=info msg=NewConnection DisableClientMultiStatements=false connectionID=44
time="2026-04-05T11:13:20-04:00" level=info msg=ConnectionClosed connectionID=44
time="2026-04-05T11:13:20-04:00" level=info msg=NewConnection DisableClientMultiStatements=false connectionID=45
time="2026-04-05T11:13:20-04:00" level=info msg=ConnectionClosed connectionID=45
time="2026-04-05T11:13:37-04:00" level=info msg=NewConnection DisableClientMultiStatements=false connectionID=46
time="2026-04-05T11:13:37-04:00" level=info msg=ConnectionClosed connectionID=46
time="2026-04-05T11:13:37-04:00" level=info msg=NewConnection DisableClientMultiStatements=false connectionID=47
time="2026-04-05T11:13:37-04:00" level=info msg=ConnectionClosed connectionID=47
time="2026-04-05T11:13:37-04:00" level=info msg=NewConnection DisableClientMultiStatements=false connectionID=48
time="2026-04-05T11:13:37-04:00" level=info msg=ConnectionClosed connectionID=48
time="2026-04-05T11:13:37-04:00" level=info msg=NewConnection DisableClientMultiStatements=false connectionID=49
time="2026-04-05T11:13:37-04:00" level=info msg=ConnectionClosed connectionID=49
time="2026-04-05T11:13:37-04:00" level=info msg=NewConnection DisableClientMultiStatements=false connectionID=50
time="2026-04-05T11:13:37-04:00" level=info msg=ConnectionClosed connectionID=50
time="2026-04-05T11:13:37-04:00" level=info msg=NewConnection DisableClientMultiStatements=false connectionID=51
time="2026-04-05T11:13:37-04:00" level=info msg=ConnectionClosed connectionID=51
time="2026-04-05T11:13:37-04:00" level=info msg=NewConnection DisableClientMultiStatements=false connectionID=52
time="2026-04-05T11:13:37-04:00" level=info msg=ConnectionClosed connectionID=52
time="2026-04-05T11:13:37-04:00" level=info msg=NewConnection DisableClientMultiStatements=false connectionID=53
time="2026-04-05T11:13:37-04:00" level=info msg=ConnectionClosed connectionID=53
time="2026-04-05T11:13:37-04:00" level=info msg=NewConnection DisableClientMultiStatements=false connectionID=54
time="2026-04-05T11:13:37-04:00" level=info msg=ConnectionClosed connectionID=54
time="2026-04-05T11:13:37-04:00" level=info msg=NewConnection DisableClientMultiStatements=false connectionID=55
time="2026-04-05T11:13:37-04:00" level=info msg=ConnectionClosed connectionID=55
time="2026-04-05T11:13:37-04:00" level=info msg=NewConnection DisableClientMultiStatements=false connectionID=56
time="2026-04-05T11:13:37-04:00" level=info msg=ConnectionClosed connectionID=56
time="2026-04-05T11:13:37-04:00" level=info msg=NewConnection DisableClientMultiStatements=false connectionID=57
time="2026-04-05T11:13:37-04:00" level=info msg=ConnectionClosed connectionID=57
time="2026-04-05T11:13:37-04:00" level=info msg=NewConnection DisableClientMultiStatements=false connectionID=58
time="2026-04-05T11:13:37-04:00" level=info msg=ConnectionClosed connectionID=58
time="2026-04-05T11:13:37-04:00" level=info msg=NewConnection DisableClientMultiStatements=false connectionID=59
time="2026-04-05T11:13:37-04:00" level=info msg=ConnectionClosed connectionID=59
time="2026-04-05T11:13:37-04:00" level=info msg=NewConnection DisableClientMultiStatements=false connectionID=60
time="2026-04-05T11:13:37-04:00" level=error msg="unable to process ComInitDB: database not found: beads_fast_fsm" database=beads_fast_fsm
time="2026-04-05T11:13:37-04:00" level=error msg="failed to set the database client 60 (127.0.0.1:50208): database not found: beads_fast_fsm (errno 1049) (sqlstate HY000)"
time="2026-04-05T11:13:37-04:00" level=info msg=ConnectionClosed connectionID=60
time="2026-04-05T11:13:38-04:00" level=info msg=NewConnection DisableClientMultiStatements=false connectionID=61
time="2026-04-05T11:13:38-04:00" level=info msg=ConnectionClosed connectionID=61
time="2026-04-05T11:13:38-04:00" level=info msg=NewConnection DisableClientMultiStatements=false connectionID=62
time="2026-04-05T11:13:38-04:00" level=info msg=ConnectionClosed connectionID=62
time="2026-04-05T11:13:38-04:00" level=info msg=NewConnection DisableClientMultiStatements=false connectionID=63
time="2026-04-05T11:13:38-04:00" level=info msg=ConnectionClosed connectionID=63
time="2026-04-05T11:13:38-04:00" level=info msg=NewConnection DisableClientMultiStatements=false connectionID=64
time="2026-04-05T11:13:38-04:00" level=info msg=ConnectionClosed connectionID=64
time="2026-04-05T11:13:38-04:00" level=info msg=NewConnection DisableClientMultiStatements=false connectionID=65
time="2026-04-05T11:13:38-04:00" level=info msg=ConnectionClosed connectionID=65
time="2026-04-05T11:13:38-04:00" level=info msg=NewConnection DisableClientMultiStatements=false connectionID=66
time="2026-04-05T11:13:38-04:00" level=info msg=ConnectionClosed connectionID=66
time="2026-04-05T11:13:38-04:00" level=info msg=NewConnection DisableClientMultiStatements=false connectionID=67
time="2026-04-05T11:13:38-04:00" level=info msg=ConnectionClosed connectionID=67
time="2026-04-05T11:13:38-04:00" level=info msg=NewConnection DisableClientMultiStatements=false connectionID=68
time="2026-04-05T11:13:38-04:00" level=info msg=ConnectionClosed connectionID=68
time="2026-04-05T11:13:38-04:00" level=info msg=NewConnection DisableClientMultiStatements=false connectionID=69
time="2026-04-05T11:13:38-04:00" level=info msg=ConnectionClosed connectionID=69
time="2026-04-05T11:13:38-04:00" level=info msg=NewConnection DisableClientMultiStatements=false connectionID=70
time="2026-04-05T11:13:38-04:00" level=info msg=ConnectionClosed connectionID=70
time="2026-04-05T11:13:38-04:00" level=info msg=NewConnection DisableClientMultiStatements=false connectionID=71
time="2026-04-05T11:13:38-04:00" level=info msg=ConnectionClosed connectionID=71
time="2026-04-05T11:13:38-04:00" level=info msg=NewConnection DisableClientMultiStatements=false connectionID=72
time="2026-04-05T11:13:38-04:00" level=info msg=ConnectionClosed connectionID=72
time="2026-04-05T11:13:38-04:00" level=info msg=NewConnection DisableClientMultiStatements=false connectionID=73
time="2026-04-05T11:13:38-04:00" level=info msg=ConnectionClosed connectionID=73
time="2026-04-05T11:13:38-04:00" level=info msg=NewConnection DisableClientMultiStatements=false connectionID=74
time="2026-04-05T11:13:38-04:00" level=info msg=ConnectionClosed connectionID=74
time="2026-04-05T11:13:38-04:00" level=info msg=NewConnection DisableClientMultiStatements=false connectionID=75
time="2026-04-05T11:13:38-04:00" level=info msg=ConnectionClosed connectionID=75
time="2026-04-05T11:13:38-04:00" level=info msg=NewConnection DisableClientMultiStatements=false connectionID=76
time="2026-04-05T11:13:38-04:00" level=info msg=ConnectionClosed connectionID=76
time="2026-04-05T11:13:38-04:00" level=info msg=NewConnection DisableClientMultiStatements=false connectionID=77
time="2026-04-05T11:13:38-04:00" level=info msg=ConnectionClosed connectionID=77
time="2026-04-05T11:13:38-04:00" level=info msg=NewConnection DisableClientMultiStatements=false connectionID=78
time="2026-04-05T11:13:38-04:00" level=info msg=ConnectionClosed connectionID=78
time="2026-04-05T11:13:38-04:00" level=info msg=NewConnection DisableClientMultiStatements=false connectionID=79
time="2026-04-05T11:13:38-04:00" level=info msg=ConnectionClosed connectionID=79
time="2026-04-05T11:13:38-04:00" level=info msg=NewConnection DisableClientMultiStatements=false connectionID=80
time="2026-04-05T11:13:38-04:00" level=info msg=ConnectionClosed connectionID=80
time="2026-04-05T11:13:38-04:00" level=info msg=NewConnection DisableClientMultiStatements=false connectionID=81
time="2026-04-05T11:13:38-04:00" level=info msg=ConnectionClosed connectionID=81
time="2026-04-05T11:13:38-04:00" level=info msg=NewConnection DisableClientMultiStatements=false connectionID=82
time="2026-04-05T11:13:38-04:00" level=info msg=ConnectionClosed connectionID=82
time="2026-04-05T11:13:38-04:00" level=info msg=NewConnection DisableClientMultiStatements=false connectionID=83
time="2026-04-05T11:13:38-04:00" level=info msg=ConnectionClosed connectionID=83
time="2026-04-05T11:43:58-04:00" level=info msg=NewConnection DisableClientMultiStatements=false connectionID=84
time="2026-04-05T11:43:58-04:00" level=info msg=ConnectionClosed connectionID=84
time="2026-04-05T11:43:58-04:00" level=info msg="Server closing listener. No longer accepting connections."
time="2026-04-05T11:43:58-04:00" level=info msg="stats stopped: context canceled"
